Using pre-set license
Built from '2020.2/release' branch; Version is '2020.2.4f1 (becced5a802b) revision 12504301'; Using compiler version '192528614'; Build Type 'Release'
OS: 'Windows 10 Home; OS build 18363.1500; Version 1909; 64bit' Language: 'en' Physical Memory: 32654 MB
BatchMode: 1, IsHumanControllingUs: 0, StartBugReporterOnCrash: 0, Is64bit: 1, IsPro: 0

 COMMAND LINE ARGUMENTS:
D:\Games Design\Unity 2020.2.4\2020.2.4f1\Editor\Unity.exe
-adb2
-batchMode
-noUpm
-name
AssetImportWorker0
-projectPath
C:/Users/Charl/Documents/GitHub/IGD-Assessment-4
-logFile
Logs/AssetImportWorker0.log
-srvPort
53965
Successfully changed project path to: C:/Users/Charl/Documents/GitHub/IGD-Assessment-4
C:/Users/Charl/Documents/GitHub/IGD-Assessment-4
Using Asset Import Pipeline V2.
Refreshing native plugins compatible for Editor in 38.14 ms, found 1 plugins.
Preloading 0 native plugins for Editor in 0.00 ms.
Initialize engine version: 2020.2.4f1 (becced5a802b)
[Subsystems] Discovering subsystems at path D:/Games Design/Unity 2020.2.4/2020.2.4f1/Editor/Data/Resources/UnitySubsystems
[Subsystems] Discovering subsystems at path C:/Users/Charl/Documents/GitHub/IGD-Assessment-4/Assets
GfxDevice: creating device client; threaded=0
Direct3D:
    Version:  Direct3D 11.0 [level 11.1]
    Renderer: Intel(R) UHD Graphics 620 (ID=0x5917)
    Vendor:   
    VRAM:     16327 MB
    Driver:   27.20.100.8681
Initialize mono
Mono path[0] = 'D:/Games Design/Unity 2020.2.4/2020.2.4f1/Editor/Data/Managed'
Mono path[1] = 'D:/Games Design/Unity 2020.2.4/2020.2.4f1/Editor/Data/MonoBleedingEdge/lib/mono/unityjit'
Mono config path = 'D:/Games Design/Unity 2020.2.4/2020.2.4f1/Editor/Data/MonoBleedingEdge/etc'
Using monoOptions --debugger-agent=transport=dt_socket,embedding=1,server=y,suspend=n,address=127.0.0.1:56720
Begin MonoManager ReloadAssembly
Registering precompiled unity dll's ...
Register platform support module: D:/Games Design/Unity 2020.2.4/2020.2.4f1/Editor/Data/PlaybackEngines/WindowsStandaloneSupport/UnityEditor.WindowsStandalone.Extensions.dll
Registered in 0.001044 seconds.
Native extension for WindowsStandalone target not found
Refreshing native plugins compatible for Editor in 38.28 ms, found 1 plugins.
Preloading 0 native plugins for Editor in 0.00 ms.
Invoked RoslynAnalysisRunner static constructor.
RoslynAnalysisRunner will not be running.
RoslynAnalysisRunner has terminated.
Mono: successfully reloaded assembly
- Completed reload, in  0.916 seconds
Platform modules already initialized, skipping
Registering precompiled user dll's ...
Registered in 0.001198 seconds.
Begin MonoManager ReloadAssembly
Native extension for WindowsStandalone target not found
Refreshing native plugins compatible for Editor in 38.24 ms, found 1 plugins.
Preloading 0 native plugins for Editor in 0.00 ms.
Invoked RoslynAnalysisRunner static constructor.
RoslynAnalysisRunner will not be running.
RoslynAnalysisRunner has terminated.
Mono: successfully reloaded assembly
- Completed reload, in  0.967 seconds
Platform modules already initialized, skipping
========================================================================
Worker process is ready to serve import requests
Launched and connected shader compiler UnityShaderCompiler.exe after 0.06 seconds
Refreshing native plugins compatible for Editor in 0.36 ms, found 1 plugins.
Preloading 0 native plugins for Editor in 0.00 ms.
Unloading 1798 Unused Serialized files (Serialized files now loaded: 0)
System memory in use before: 84.3 MB.
System memory in use after: 84.4 MB.

Unloading 19 unused Assets to reduce memory usage. Loaded Objects now: 2244.
Total: 2.393400 ms (FindLiveObjects: 0.193500 ms CreateObjectMapping: 0.084200 ms MarkObjects: 2.035100 ms  DeleteObjects: 0.079500 ms)

========================================================================
Received Import Request.
  path: Assets/Background + Foreground/Foreground 2.0.png
  artifactKey: Guid(c3e8a91463ec6a74dbf5acd17d66ab95) Importer(815301076,1909f56bfc062723c751e8b465ee728b)
Start importing Assets/Background + Foreground/Foreground 2.0.png using Guid(c3e8a91463ec6a74dbf5acd17d66ab95) Importer(815301076,1909f56bfc062723c751e8b465ee728b)  -> (artifact id: 'e28077f80b63486676ce31217abb7548') in 0.192295 seconds
  Import took 0.195517 seconds .

